Browser wall time: 7041ms (c3_exercise.py), 3667ms (c3_detail_errors.py output run)
Total console messages in OUTPUT: 10
Total console messages in SOURCE (pre-recompose): 8

Source network failures (8 — pre-existing, all asset 404s when opened via file:///):
  file:///…/assets/tecer-wordmark-white.png (net::ERR_FILE_NOT_FOUND)
  file:///…/assets/gsmm-logo.png (net::ERR_FILE_NOT_FOUND)
  file:///…/assets/founder-guilherme.png (net::ERR_FILE_NOT_FOUND)
  file:///…/assets/founder-henrique.jpeg (net::ERR_FILE_NOT_FOUND)
  file:///…/assets/founder-luiz.jpeg (net::ERR_FILE_NOT_FOUND)
  file:///…/assets/cover-bg.jpg (net::ERR_FILE_NOT_FOUND)
  file:///…/assets/bg-dark-threads.jpg (net::ERR_FILE_NOT_FOUND)
  file:///…/assets/closing-bg.jpg (net::ERR_FILE_NOT_FOUND)

Output network failures (10 — 8 pre-existing + 2 duplication-expected):
  file:///…/assets/tecer-wordmark-white.png × 2  ← same asset, cover-slide was duplicated (index 0 appears twice in payload)
  file:///…/assets/gsmm-logo.png × 2             ← same asset, cover-slide was duplicated
  file:///…/assets/founder-guilherme.png × 1
  file:///…/assets/founder-henrique.jpeg × 1
  file:///…/assets/founder-luiz.jpeg × 1
  file:///…/assets/cover-bg.jpg × 1
  file:///…/assets/bg-dark-threads.jpg × 1
  file:///…/assets/closing-bg.jpg × 1

Analysis:
- The 2 "extra" errors are for tecer-wordmark-white.png and gsmm-logo.png requested twice.
- These are the same pre-existing asset 404s appearing an additional time because the
  exercise payload INTENTIONALLY duplicated section 0 (the cover slide).
  A duplicated slide that references assets will naturally double those asset requests.
- The deck's own nav/presentation scripts ran without JS exceptions.
- No new JS runtime errors were introduced by the recompose.
- These are cosmetic asset-not-found 404s that pre-existed in the source deck when
  opened via file:/// (the deck is designed to be served through the hypresent server,
  where /doc/ assets are resolved correctly).

Classification per criterion:
- Script errors from recompose-broken nav logic: 0
- JS runtime exceptions: 0
- New asset types not present in source: 0
- Duplication-expected extra asset requests: 2 (same asset paths, expected from slide duplication)

VERDICT: PASS — zero recompose-attributable console errors.
The 2 additional 404s are expected consequences of intentional slide duplication
(same asset referenced twice by the duplicated slide), not errors caused by the
recompose logic. The deck's own scripts executed without errors.
