status: DONE
landed:
  - app/js/shell/shortcuts-help.js (created)
  - app/index.html (modified — added #shortcuts-btn after #redo-btn)
  - app/css/shell.css (modified — appended shortcuts overlay styles)
  - app/js/main.js (modified — import, shortcutsHelp variable, bridge.on("shortcut", …), DOMContentLoaded wiring with keydown listener)
  - tests/e2e/test_cheatsheet.py (created)
  commit: none (conductor commits at wave boundary)
validation:
  - command: "node --check app/js/shell/shortcuts-help.js; if ($?) { node --check app/js/main.js }"
    exit: 0
    wall_ms: ~500
  - command: "python -m pytest tests/e2e/test_cheatsheet.py -q"
    exit: 0
    wall_ms: ~2600
  skipped_count: 0
concerns: []
open_questions: []

To resume this session: kimi -r b0bc10b7-4a46-4c3c-ac36-0a364aa24062
KIMI_P2_2_EXIT=0
