```yaml
status: DONE
landed:
  - runtime/js/text-format.js (modified)
  - runtime/js/runtime-main.js (modified)
  - tests/e2e/test_format_repeat_wholebox.py (created)
  - commit: 0c70ed4
validation:
  - command: node --check runtime/js/text-format.js
    exit: 0
    wall_ms: ~500
  - command: node --check runtime/js/runtime-main.js
    exit: 0
    wall_ms: ~500
  - command: python -m pytest tests/e2e/test_format_repeat_wholebox.py tests/e2e/test_r8_font_size_repeat.py -q
    exit: 0
    wall_ms: ~18460
    result: 10 passed
  - skipped_count: 0
concerns:
  - The bold tests use `.slide-subtitle` instead of `.slide-title` because the fixture CSS applies `font-weight: 700` to `.slide-title`, which causes Chrome's `execCommand("bold")` to toggle OFF on first press (per spec edge-case, but would make a naive test fail). This is a test-aware workaround, not a code issue.
  - `scaleWholeBox` multiplies explicit inline `font-size` descendants only; CSS-class-sized descendants will scale via the base element's new size, but undo restores `innerHTML` + `style.fontSize`, which is correct.
open_questions: []
```

To resume this session: kimi -r 2110c79f-879d-4bef-b47b-7329438baeb0
KIMI_EXIT=0
