probe: probe-spawn
started: 2026-07-20T16:22:38.648Z
command: node probes/probe-spawn.js
D109 assert: argv[0]='sleep' resolves to '/usr/bin/sleep'
D109 assert PASS: post-'--' head is the resolved absolute path; tail preserved in order
D109 mutation self-check PASS: assertion rejects the pre-fix bare-argv[0] head
stdin-carriage assert PASS: unit args carry StandardInput=file:<promptfile>
stdin-carriage mutation self-check PASS: assertion rejects the pre-fix property-less unit args
exit-marker assert PASS: unit args carry the ExecStopPost $EXIT_STATUS writer
exit-marker mutation self-check PASS: no exitFile → no ExecStopPost property
exit-marker live PASS: /tmp/p2-2-probe-TF9RHz/data/exits/7cafff9a-bc7b-4fe7-9b6f-b9017150bc83.exit carries exit status 0 after clean worker exit
action: fire row then spawn trivial worker via test-sleep profile (prompt: stdin) with a real prompt
exec_id before spawn: 2, status: launching
exec_id after spawn: 2
session_id: 09065d73-e82c-440c-bff3-e1b3391b1971
pid: 2405151
carrier: systemd
unit_name: rbtv-worker-09065d73-e82c-440c-bff3-e1b3391b1971
status: running
log_path: /tmp/p2-2-probe-TF9RHz/data/logs/09065d73-e82c-440c-bff3-e1b3391b1971.log
workdir: /tmp/p2-2-probe-TF9RHz/work/2
systemctl --user show caps:
  RuntimeMaxUSec=1h
  MemoryMax=67108864
  TasksMax=8050
systemctl --user is-active: active
stdin live PASS: prompt file /tmp/p2-2-probe-TF9RHz/data/prompts/09065d73-e82c-440c-bff3-e1b3391b1971.txt carries the prompt verbatim
stdin live PASS: running unit stdin connected to the prompt file (StandardInput=file)
log file exists: true
status: PASS
exit: 0
wall_ms: 383
ended: 2026-07-20T16:22:39.031Z
