# ignite probe suite results — p3-2 worker validation
# run: 2026-07-15T16:10:20.357Z to 2026-07-15T16:10:44.094Z
# format: probe_path exit wall_ms status
server/heart/probes/probe-enqueue.out 0 67 PASS
server/heart/probes/probe-jobslog.out 0 62 PASS
server/heart/probes/probe-reject.out 0 56 PASS
server/heart/probes/probe-session-row.out 0 52 PASS
server/heart/probes/probe-single-writer.out 0 68 PASS
server/spawn/probes/probe-flag-injection.out 0 78 PASS
server/spawn/probes/probe-killtree.out 0 395 PASS
server/spawn/probes/probe-mode-gate.out 0 385 PASS
server/spawn/probes/probe-orphan-rescan.out 0 621 PASS
server/spawn/probes/probe-spawn.out 0 419 PASS
server/spawn/probes/probe-survive-close.out 0 246 PASS
server/spawn/probes/probe-workdir-gate.out 0 358 PASS
server/ticker/probes/probe-blocked-redispatch.out 0 3129 PASS
server/ticker/probes/probe-budget.out 0 3817 PASS
server/ticker/probes/probe-cap.out 0 1430 PASS
server/ticker/probes/probe-crash.out 0 1297 PASS
server/ticker/probes/probe-idempotent.out 0 519 PASS
server/ticker/probes/probe-periodic.out 0 5089 PASS
server/ticker/probes/probe-recycle.out 0 1933 PASS
server/ticker/probes/probe-scheduled.out 0 2566 PASS
server/ticker/probes/probe-stall.out 0 1143 PASS
