AFTER recordExecutionStart
  profile=default
  carrier=null
  unit_name=null
  pid_starttime=null
  session_ref=null
  workdir=/tmp/session-workdir
  started_at=null
AFTER updateExecutionStatus (running)
  profile=default
  carrier=systemd
  unit_name=rbtv-worker-abc123
  pid_starttime=1234567890
  session_ref=session-abc123
  workdir=/tmp/session-workdir
  started_at=2026-07-14T12:00:00Z
AFTER updateExecutionStatus (done, omitted)
  profile=default
  carrier=systemd
  unit_name=rbtv-worker-abc123
  pid_starttime=1234567890
  session_ref=session-abc123
  workdir=/tmp/session-workdir
  started_at=2026-07-14T12:00:00Z
AFTER close + reopen
  profile=default
  carrier=systemd
  unit_name=rbtv-worker-abc123
  pid_starttime=1234567890
  session_ref=session-abc123
  workdir=/tmp/session-workdir
  started_at=2026-07-14T12:00:00Z
COMMAND: node probes/probe-session-row.js
START_PROFILE_OK: true
START_WORKDIR_OK: true
RUNNING_CARRIER_OK: true
RUNNING_UNIT_NAME_OK: true
RUNNING_PID_STARTTIME_OK: true
RUNNING_SESSION_REF_OK: true
RUNNING_STARTED_AT_OK: true
RUNNING_PROFILE_PRESERVED_OK: true
RUNNING_WORKDIR_PRESERVED_OK: true
DONE_CARRIER_PRESERVED_OK: true
DONE_UNIT_NAME_PRESERVED_OK: true
DONE_PID_STARTTIME_PRESERVED_OK: true
DONE_SESSION_REF_PRESERVED_OK: true
DONE_STARTED_AT_PRESERVED_OK: true
DONE_PROFILE_PRESERVED_OK: true
DONE_WORKDIR_PRESERVED_OK: true
DONE_ENDED_AT_OK: true
REOPEN_PROFILE_OK: true
REOPEN_WORKDIR_OK: true
REOPEN_CARRIER_OK: true
REOPEN_UNIT_NAME_OK: true
REOPEN_PID_STARTTIME_OK: true
REOPEN_SESSION_REF_OK: true
REOPEN_STARTED_AT_OK: true
ALL_OK: true
EXIT: 0
WALL_MS: 6
